<?xml version="1.0" encoding="UTF-8"?>
<!-- Generated by org.testng.reporters.JUnitReportReporter -->
<testsuite ignored="0" hostname="Crystal-PC" failures="0" tests="2" name="APIAutoation.API_Automation.PostDemo" time="2.894" errors="0" timestamp="14 May 2021 08:59:36 GMT" skipped="0">
  <testcase classname="APIAutoation.API_Automation.PostDemo" name="postData" time="2.866"/>
  <testcase classname="APIAutoation.API_Automation.PostDemo" name="readData" time="0.028"/>
</testsuite> <!-- APIAutoation.API_Automation.PostDemo -->
