<?xml version="1.0" encoding="UTF-8"?>
<!-- Generated by org.testng.reporters.JUnitReportReporter -->
<testsuite ignored="4" hostname="Crystal-PC" failures="0" tests="1" name="APIAutoation.API_Automation.APIAutomationTesting" time="3.176" errors="0" timestamp="15 May 2021 10:00:38 GMT" skipped="0">
  <testcase classname="APIAutoation.API_Automation.APIAutomationTesting" name="verifyGetRequest" time="3.176"/>
  <testcase classname="APIAutoation.API_Automation.APIAutomationTesting" name="verifyPutRequest">
    <skipped/>
  </testcase> <!-- verifyPutRequest -->
  <testcase classname="APIAutoation.API_Automation.APIAutomationTesting" name="verifyDeleteRequest">
    <skipped/>
  </testcase> <!-- verifyDeleteRequest -->
  <testcase classname="APIAutoation.API_Automation.APIAutomationTesting" name="verifyPostRequest">
    <skipped/>
  </testcase> <!-- verifyPostRequest -->
  <testcase classname="APIAutoation.API_Automation.APIAutomationTesting" name="verifyGetRequestById">
    <skipped/>
  </testcase> <!-- verifyGetRequestById -->
</testsuite> <!-- APIAutoation.API_Automation.APIAutomationTesting -->
